<?xml version="1.0" encoding="UTF-8"?>
<testsuite name="tests.RegistrationTests" tests="5" skipped="0" failures="0" errors="0" timestamp="2022-07-26T11:08:45" hostname="LAPTOP-S8MI6IBE" time="12.651">
  <properties/>
  <testcase name="registrationSuccess" classname="tests.RegistrationTests" time="2.78"/>
  <testcase name="registrationSuccess2[0](User{name='Monna', lastName='Lissa', email='monali1897@gmail.com', password='020985$Max', phoneNom='null'})" classname="tests.RegistrationTests" time="2.77"/>
  <testcase name="registrationSuccess2[1](User{name='Monna', lastName='Lissa', email='monali1168@gmail.com', password='020985$Max', phoneNom='null'})" classname="tests.RegistrationTests" time="2.751"/>
  <testcase name="registrationSuccess2[2](User{name='Monna', lastName='Lissa', email='monali1322@gmail.com', password='020985$Max', phoneNom='null'})" classname="tests.RegistrationTests" time="2.783"/>
  <testcase name="registrationWrongPasswordFormat" classname="tests.RegistrationTests" time="0.783"/>
  <system-out><![CDATA[14:08:45.380  INFO  tests.BaseTests - Started method with name: public void tests.RegistrationTests.registrationSuccess()
14:08:45.391  INFO  manager.MyListener - WebDriver start element --> By.xpath: //a[text()=' Logout ']
14:08:45.405  INFO  manager.MyListener - WebDriver found element by locator -->By.xpath: //a[text()=' Logout ']
14:08:45.531  INFO  manager.MyListener - WebDriver start element --> By.xpath: //a[text()=' Sign up ']
14:08:45.548  INFO  manager.MyListener - WebDriver found element by locator -->By.xpath: //a[text()=' Sign up ']
14:08:45.591  INFO  manager.MyListener - WebDriver start element --> By.id: name
14:08:45.610  INFO  manager.MyListener - WebDriver found element by locator -->By.id: name
14:08:45.702  INFO  manager.MyListener - WebDriver start element --> By.id: lastName
14:08:45.715  INFO  manager.MyListener - WebDriver found element by locator -->By.id: lastName
14:08:45.802  INFO  manager.MyListener - WebDriver start element --> By.id: email
14:08:45.816  INFO  manager.MyListener - WebDriver found element by locator -->By.id: email
14:08:45.932  INFO  manager.MyListener - WebDriver start element --> By.id: password
14:08:45.946  INFO  manager.MyListener - WebDriver found element by locator -->By.id: password
14:08:46.032  INFO  manager.MyListener - WebDriver start element --> By.cssSelector: label[for='terms-of-use']
14:08:46.046  INFO  manager.MyListener - WebDriver found element by locator -->By.cssSelector: label[for='terms-of-use']
14:08:46.187  INFO  manager.MyListener - WebDriver start element --> By.xpath: //button[@type='submit']
14:08:46.199  INFO  manager.MyListener - WebDriver found element by locator -->By.xpath: //button[@type='submit']
14:08:46.220  INFO  manager.MyListener - WebDriver start element --> By.xpath: //button[@type='submit']
14:08:46.232  INFO  manager.MyListener - WebDriver found element by locator -->By.xpath: //button[@type='submit']
14:08:48.279  INFO  manager.MyListener - WebDriver start element --> By.cssSelector: div.dialog-container
14:08:48.294  INFO  manager.MyListener - WebDriver found element by locator -->By.cssSelector: div.dialog-container
14:08:48.294  INFO  manager.MyListener - WebDriver start element --> By.cssSelector: div.dialog-container h1
14:08:48.310  INFO  manager.MyListener - WebDriver found element by locator -->By.cssSelector: div.dialog-container h1
14:08:48.310  INFO  manager.HelperBase - We get the 'message': Registered
14:08:48.326  INFO  manager.MyListener - WebDriver start element --> By.xpath: //button[text()='Ok']
14:08:48.341  INFO  manager.MyListener - WebDriver found element by locator -->By.xpath: //button[text()='Ok']
14:08:48.373  INFO  tests.BaseTests - Started method with name: public void tests.RegistrationTests.registrationSuccess2(models.User)
14:08:48.384  INFO  manager.MyListener - WebDriver start element --> By.xpath: //a[text()=' Logout ']
14:08:48.396  INFO  manager.MyListener - WebDriver found element by locator -->By.xpath: //a[text()=' Logout ']
14:08:48.505  INFO  manager.MyListener - WebDriver start element --> By.xpath: //a[text()=' Sign up ']
14:08:48.519  INFO  manager.MyListener - WebDriver found element by locator -->By.xpath: //a[text()=' Sign up ']
14:08:48.557  INFO  manager.MyListener - WebDriver start element --> By.id: name
14:08:48.570  INFO  manager.MyListener - WebDriver found element by locator -->By.id: name
14:08:48.654  INFO  manager.MyListener - WebDriver start element --> By.id: lastName
14:08:48.668  INFO  manager.MyListener - WebDriver found element by locator -->By.id: lastName
14:08:48.750  INFO  manager.MyListener - WebDriver start element --> By.id: email
14:08:48.761  INFO  manager.MyListener - WebDriver found element by locator -->By.id: email
14:08:48.870  INFO  manager.MyListener - WebDriver start element --> By.id: password
14:08:48.883  INFO  manager.MyListener - WebDriver found element by locator -->By.id: password
14:08:48.970  INFO  manager.MyListener - WebDriver start element --> By.cssSelector: label[for='terms-of-use']
14:08:48.982  INFO  manager.MyListener - WebDriver found element by locator -->By.cssSelector: label[for='terms-of-use']
14:08:49.135  INFO  manager.MyListener - WebDriver start element --> By.xpath: //button[@type='submit']
14:08:49.151  INFO  manager.MyListener - WebDriver found element by locator -->By.xpath: //button[@type='submit']
14:08:49.178  INFO  manager.MyListener - WebDriver start element --> By.xpath: //button[@type='submit']
14:08:49.187  INFO  manager.MyListener - WebDriver found element by locator -->By.xpath: //button[@type='submit']
14:08:51.239  INFO  manager.MyListener - WebDriver start element --> By.cssSelector: div.dialog-container
14:08:51.254  INFO  manager.MyListener - WebDriver found element by locator -->By.cssSelector: div.dialog-container
14:08:51.254  INFO  manager.MyListener - WebDriver start element --> By.cssSelector: div.dialog-container h1
14:08:51.270  INFO  manager.MyListener - WebDriver found element by locator -->By.cssSelector: div.dialog-container h1
14:08:51.270  INFO  manager.HelperBase - We get the 'message': Registered
14:08:51.285  INFO  manager.MyListener - WebDriver start element --> By.xpath: //button[text()='Ok']
14:08:51.285  INFO  manager.MyListener - WebDriver found element by locator -->By.xpath: //button[text()='Ok']
14:08:51.333  INFO  tests.BaseTests - Started method with name: public void tests.RegistrationTests.registrationSuccess2(models.User)
14:08:51.347  INFO  manager.MyListener - WebDriver start element --> By.xpath: //a[text()=' Logout ']
14:08:51.357  INFO  manager.MyListener - WebDriver found element by locator -->By.xpath: //a[text()=' Logout ']
14:08:51.489  INFO  manager.MyListener - WebDriver start element --> By.xpath: //a[text()=' Sign up ']
14:08:51.501  INFO  manager.MyListener - WebDriver found element by locator -->By.xpath: //a[text()=' Sign up ']
14:08:51.539  INFO  manager.MyListener - WebDriver start element --> By.id: name
14:08:51.552  INFO  manager.MyListener - WebDriver found element by locator -->By.id: name
14:08:51.643  INFO  manager.MyListener - WebDriver start element --> By.id: lastName
14:08:51.656  INFO  manager.MyListener - WebDriver found element by locator -->By.id: lastName
14:08:51.743  INFO  manager.MyListener - WebDriver start element --> By.id: email
14:08:51.753  INFO  manager.MyListener - WebDriver found element by locator -->By.id: email
14:08:51.860  INFO  manager.MyListener - WebDriver start element --> By.id: password
14:08:51.868  INFO  manager.MyListener - WebDriver found element by locator -->By.id: password
14:08:51.961  INFO  manager.MyListener - WebDriver start element --> By.cssSelector: label[for='terms-of-use']
14:08:51.970  INFO  manager.MyListener - WebDriver found element by locator -->By.cssSelector: label[for='terms-of-use']
14:08:52.114  INFO  manager.MyListener - WebDriver start element --> By.xpath: //button[@type='submit']
14:08:52.126  INFO  manager.MyListener - WebDriver found element by locator -->By.xpath: //button[@type='submit']
14:08:52.147  INFO  manager.MyListener - WebDriver start element --> By.xpath: //button[@type='submit']
14:08:52.160  INFO  manager.MyListener - WebDriver found element by locator -->By.xpath: //button[@type='submit']
14:08:54.202  INFO  manager.MyListener - WebDriver start element --> By.cssSelector: div.dialog-container
14:08:54.218  INFO  manager.MyListener - WebDriver found element by locator -->By.cssSelector: div.dialog-container
14:08:54.218  INFO  manager.MyListener - WebDriver start element --> By.cssSelector: div.dialog-container h1
14:08:54.233  INFO  manager.MyListener - WebDriver found element by locator -->By.cssSelector: div.dialog-container h1
14:08:54.240  INFO  manager.HelperBase - We get the 'message': Registered
14:08:54.249  INFO  manager.MyListener - WebDriver start element --> By.xpath: //button[text()='Ok']
14:08:54.249  INFO  manager.MyListener - WebDriver found element by locator -->By.xpath: //button[text()='Ok']
14:08:54.289  INFO  tests.BaseTests - Started method with name: public void tests.RegistrationTests.registrationSuccess2(models.User)
14:08:54.300  INFO  manager.MyListener - WebDriver start element --> By.xpath: //a[text()=' Logout ']
14:08:54.311  INFO  manager.MyListener - WebDriver found element by locator -->By.xpath: //a[text()=' Logout ']
14:08:54.429  INFO  manager.MyListener - WebDriver start element --> By.xpath: //a[text()=' Sign up ']
14:08:54.442  INFO  manager.MyListener - WebDriver found element by locator -->By.xpath: //a[text()=' Sign up ']
14:08:54.482  INFO  manager.MyListener - WebDriver start element --> By.id: name
14:08:54.495  INFO  manager.MyListener - WebDriver found element by locator -->By.id: name
14:08:54.593  INFO  manager.MyListener - WebDriver start element --> By.id: lastName
14:08:54.602  INFO  manager.MyListener - WebDriver found element by locator -->By.id: lastName
14:08:54.694  INFO  manager.MyListener - WebDriver start element --> By.id: email
14:08:54.713  INFO  manager.MyListener - WebDriver found element by locator -->By.id: email
14:08:54.830  INFO  manager.MyListener - WebDriver start element --> By.id: password
14:08:54.841  INFO  manager.MyListener - WebDriver found element by locator -->By.id: password
14:08:54.933  INFO  manager.MyListener - WebDriver start element --> By.cssSelector: label[for='terms-of-use']
14:08:54.944  INFO  manager.MyListener - WebDriver found element by locator -->By.cssSelector: label[for='terms-of-use']
14:08:55.091  INFO  manager.MyListener - WebDriver start element --> By.xpath: //button[@type='submit']
14:08:55.100  INFO  manager.MyListener - WebDriver found element by locator -->By.xpath: //button[@type='submit']
14:08:55.122  INFO  manager.MyListener - WebDriver start element --> By.xpath: //button[@type='submit']
14:08:55.132  INFO  manager.MyListener - WebDriver found element by locator -->By.xpath: //button[@type='submit']
14:08:57.164  INFO  manager.MyListener - WebDriver start element --> By.cssSelector: div.dialog-container
14:08:57.179  INFO  manager.MyListener - WebDriver found element by locator -->By.cssSelector: div.dialog-container
14:08:57.179  INFO  manager.MyListener - WebDriver start element --> By.cssSelector: div.dialog-container h1
14:08:57.195  INFO  manager.MyListener - WebDriver found element by locator -->By.cssSelector: div.dialog-container h1
14:08:57.211  INFO  manager.HelperBase - We get the 'message': Registered
14:08:57.211  INFO  manager.MyListener - WebDriver start element --> By.xpath: //button[text()='Ok']
14:08:57.226  INFO  manager.MyListener - WebDriver found element by locator -->By.xpath: //button[text()='Ok']
14:08:57.257  INFO  tests.BaseTests - Started method with name: public void tests.RegistrationTests.registrationWrongPasswordFormat()
14:08:57.270  INFO  manager.MyListener - WebDriver start element --> By.xpath: //a[text()=' Logout ']
14:08:57.279  INFO  manager.MyListener - WebDriver found element by locator -->By.xpath: //a[text()=' Logout ']
14:08:57.398  INFO  manager.MyListener - WebDriver start element --> By.xpath: //a[text()=' Sign up ']
14:08:57.412  INFO  manager.MyListener - WebDriver found element by locator -->By.xpath: //a[text()=' Sign up ']
14:08:57.457  INFO  manager.MyListener - WebDriver start element --> By.id: name
14:08:57.469  INFO  manager.MyListener - WebDriver found element by locator -->By.id: name
14:08:57.577  INFO  manager.MyListener - WebDriver start element --> By.id: lastName
14:08:57.591  INFO  manager.MyListener - WebDriver found element by locator -->By.id: lastName
14:08:57.671  INFO  manager.MyListener - WebDriver start element --> By.id: email
14:08:57.690  INFO  manager.MyListener - WebDriver found element by locator -->By.id: email
14:08:57.796  INFO  manager.MyListener - WebDriver start element --> By.id: password
14:08:57.807  INFO  manager.MyListener - WebDriver found element by locator -->By.id: password
14:08:57.892  INFO  manager.MyListener - WebDriver start element --> By.cssSelector: label[for='terms-of-use']
14:08:57.906  INFO  manager.MyListener - WebDriver found element by locator -->By.cssSelector: label[for='terms-of-use']
14:08:58.060  INFO  manager.MyListener - WebDriver start element --> By.cssSelector: div.error div:last-child
14:08:58.086  INFO  manager.MyListener - WebDriver found element by locator -->By.cssSelector: div.error div:last-child
14:08:58.105  INFO  manager.MyListener - WebDriver start element --> By.cssSelector: div.error div:first-child
14:08:58.124  INFO  manager.MyListener - WebDriver found element by locator -->By.cssSelector: div.error div:first-child
14:08:58.161  INFO  manager.MyListener - WebDriver start element --> By.cssSelector: [type=submit]
14:08:58.173  INFO  manager.MyListener - WebDriver found element by locator -->By.cssSelector: [type=submit]
]]></system-out>
  <system-err><![CDATA[Jul 26, 2022 2:08:46 PM org.openqa.selenium.interactions.Actions moveToElement
INFO: When using the W3C Action commands, offsets are from the element's in-view center point
Jul 26, 2022 2:08:48 PM org.openqa.selenium.interactions.Actions moveToElement
INFO: When using the W3C Action commands, offsets are from the element's in-view center point
Jul 26, 2022 2:08:51 PM org.openqa.selenium.interactions.Actions moveToElement
INFO: When using the W3C Action commands, offsets are from the element's in-view center point
Jul 26, 2022 2:08:54 PM org.openqa.selenium.interactions.Actions moveToElement
INFO: When using the W3C Action commands, offsets are from the element's in-view center point
Jul 26, 2022 2:08:57 PM org.openqa.selenium.interactions.Actions moveToElement
INFO: When using the W3C Action commands, offsets are from the element's in-view center point
]]></system-err>
</testsuite>
