<?xml version="1.0" encoding="UTF-8"?>
<testsuite name="tests.TestsLogin" tests="1" skipped="0" failures="0" errors="0" timestamp="2022-06-23T05:23:46" hostname="LAPTOP-S8MI6IBE" time="0.888">
  <properties/>
  <testcase name="negativeLoginInvalidPassword" classname="tests.TestsLogin" time="0.888"/>
  <system-out><![CDATA[]]></system-out>
  <system-err><![CDATA[Starting ChromeDriver 102.0.5005.61 (0e59bcc00cc4985ce39ad31c150065f159d95ad3-refs/branch-heads/5005@{#819}) on port 49269
Only local connections are allowed.
Please see https://chromedriver.chromium.org/security-considerations for suggestions on keeping ChromeDriver safe.
ChromeDriver was started successfully.
Jun 23, 2022 8:23:44 AM org.openqa.selenium.remote.ProtocolHandshake createSession
INFO: Detected upstream dialect: W3C
Jun 23, 2022 8:23:44 AM org.openqa.selenium.devtools.CdpVersionFinder findNearestMatch
INFO: Found exact CDP implementation for version 102
]]></system-err>
</testsuite>
