<?xml version="1.0" encoding="UTF-8"?>
<testsuite name="tests.SearchTests" tests="5" skipped="0" failures="0" errors="0" timestamp="2022-07-26T11:09:03" hostname="LAPTOP-S8MI6IBE" time="14.288">
  <properties/>
  <testcase name="searchAnyPeriod" classname="tests.SearchTests" time="2.828"/>
  <testcase name="searchCurrentMonth" classname="tests.SearchTests" time="1.966"/>
  <testcase name="searchCurrentYear" classname="tests.SearchTests" time="2.103"/>
  <testcase name="searchCurrentYearLocalDate" classname="tests.SearchTests" time="2.065"/>
  <testcase name="searchPeriodPast" classname="tests.SearchTests" time="0.948"/>
  <system-out><![CDATA[14:09:03.199  INFO  tests.BaseTests - Started method with name: public void tests.SearchTests.searchAnyPeriod()
14:09:03.199  INFO  manager.MyListener - WebDriver start element --> By.id: 0
14:09:03.215  INFO  manager.MyListener - WebDriver found element by locator -->By.id: 0
14:09:03.257  INFO  manager.MyListener - WebDriver start element --> By.id: city
14:09:03.272  INFO  manager.MyListener - WebDriver found element by locator -->By.id: city
14:09:03.855  INFO  manager.MyListener - WebDriver start element --> By.cssSelector: .pac-item
14:09:03.871  INFO  manager.MyListener - WebDriver found element by locator -->By.cssSelector: .pac-item
14:09:03.910  INFO  manager.MyListener - WebDriver start element --> By.id: city
14:09:03.919  INFO  manager.MyListener - WebDriver found element by locator -->By.id: city
14:09:03.953  INFO  manager.MyListener - WebDriver start element --> By.id: dates
14:09:03.970  INFO  manager.MyListener - WebDriver found element by locator -->By.id: dates
14:09:03.992  INFO  manager.MyListener - WebDriver start element --> By.id: dates
14:09:04.004  INFO  manager.MyListener - WebDriver found element by locator -->By.id: dates
14:09:04.075  INFO  manager.MyListener - WebDriver start element --> By.xpath: //button[@aria-label='Next month']
14:09:04.091  INFO  manager.MyListener - WebDriver found element by locator -->By.xpath: //button[@aria-label='Next month']
14:09:04.148  INFO  manager.MyListener - WebDriver start element --> By.xpath: //button[@aria-label='Next month']
14:09:04.158  INFO  manager.MyListener - WebDriver found element by locator -->By.xpath: //button[@aria-label='Next month']
14:09:04.197  INFO  manager.MyListener - WebDriver start element --> By.xpath: //button[@aria-label='Next month']
14:09:04.207  INFO  manager.MyListener - WebDriver found element by locator -->By.xpath: //button[@aria-label='Next month']
14:09:04.244  INFO  manager.MyListener - WebDriver start element --> By.xpath: //button[@aria-label='Next month']
14:09:04.255  INFO  manager.MyListener - WebDriver found element by locator -->By.xpath: //button[@aria-label='Next month']
14:09:04.291  INFO  manager.MyListener - WebDriver start element --> By.xpath: //button[@aria-label='Next month']
14:09:04.301  INFO  manager.MyListener - WebDriver found element by locator -->By.xpath: //button[@aria-label='Next month']
14:09:04.333  INFO  manager.MyListener - WebDriver start element --> By.xpath: //button[@aria-label='Next month']
14:09:04.343  INFO  manager.MyListener - WebDriver found element by locator -->By.xpath: //button[@aria-label='Next month']
14:09:04.378  INFO  manager.MyListener - WebDriver start element --> By.xpath: //div[text() = ' 10 ']
14:09:04.391  INFO  manager.MyListener - WebDriver found element by locator -->By.xpath: //div[text() = ' 10 ']
14:09:04.433  INFO  manager.MyListener - WebDriver start element --> By.xpath: //button[@aria-label='Next month']
14:09:04.444  INFO  manager.MyListener - WebDriver found element by locator -->By.xpath: //button[@aria-label='Next month']
14:09:04.480  INFO  manager.MyListener - WebDriver start element --> By.xpath: //button[@aria-label='Next month']
14:09:04.490  INFO  manager.MyListener - WebDriver found element by locator -->By.xpath: //button[@aria-label='Next month']
14:09:04.525  INFO  manager.MyListener - WebDriver start element --> By.xpath: //button[@aria-label='Next month']
14:09:04.537  INFO  manager.MyListener - WebDriver found element by locator -->By.xpath: //button[@aria-label='Next month']
14:09:04.570  INFO  manager.MyListener - WebDriver start element --> By.xpath: //div[text() = ' 20 ']
14:09:04.585  INFO  manager.MyListener - WebDriver found element by locator -->By.xpath: //div[text() = ' 20 ']
14:09:04.643  INFO  manager.MyListener - WebDriver start element --> By.xpath: //button[@type='submit']
14:09:04.656  INFO  manager.MyListener - WebDriver found element by locator -->By.xpath: //button[@type='submit']
14:09:04.691  INFO  manager.MyListener - WebDriver start element --> By.xpath: //button[@type='submit']
14:09:04.718  INFO  manager.MyListener - WebDriver found element by locator -->By.xpath: //button[@type='submit']
14:09:07.097  INFO  manager.MyListener - WebDriver start element --> By.id: 0
14:09:07.112  INFO  manager.MyListener - WebDriver found element by locator -->By.id: 0
14:09:07.151  INFO  tests.BaseTests - Started method with name: public void tests.SearchTests.searchCurrentMonth()
14:09:07.151  INFO  manager.MyListener - WebDriver start element --> By.id: 0
14:09:07.165  INFO  manager.MyListener - WebDriver found element by locator -->By.id: 0
14:09:07.188  INFO  manager.MyListener - WebDriver start element --> By.id: city
14:09:07.198  INFO  manager.MyListener - WebDriver found element by locator -->By.id: city
14:09:07.802  INFO  manager.MyListener - WebDriver start element --> By.cssSelector: .pac-item
14:09:07.817  INFO  manager.MyListener - WebDriver found element by locator -->By.cssSelector: .pac-item
14:09:07.873  INFO  manager.MyListener - WebDriver start element --> By.id: city
14:09:07.883  INFO  manager.MyListener - WebDriver found element by locator -->By.id: city
14:09:07.912  INFO  manager.MyListener - WebDriver start element --> By.id: dates
14:09:07.924  INFO  manager.MyListener - WebDriver found element by locator -->By.id: dates
14:09:07.946  INFO  manager.MyListener - WebDriver start element --> By.id: dates
14:09:07.954  INFO  manager.MyListener - WebDriver found element by locator -->By.id: dates
14:09:08.000  INFO  manager.MyListener - WebDriver start element --> By.xpath: //div[text()=' 28 ']
14:09:08.013  INFO  manager.MyListener - WebDriver found element by locator -->By.xpath: //div[text()=' 28 ']
14:09:08.051  INFO  manager.MyListener - WebDriver start element --> By.xpath: //div[text()=' 27 ']
14:09:08.064  INFO  manager.MyListener - WebDriver found element by locator -->By.xpath: //div[text()=' 27 ']
14:09:08.111  INFO  manager.MyListener - WebDriver start element --> By.xpath: //button[@type='submit']
14:09:08.121  INFO  manager.MyListener - WebDriver found element by locator -->By.xpath: //button[@type='submit']
14:09:08.139  INFO  manager.MyListener - WebDriver start element --> By.xpath: //button[@type='submit']
14:09:08.150  INFO  manager.MyListener - WebDriver found element by locator -->By.xpath: //button[@type='submit']
https://ilcarro-1578153671498.web.app/search/results?city=Tel%20Aviv-Yafo&startDate=2022-07-27%2000:00&endDate=2022-07-28%2000:00
14:09:10.164  INFO  manager.MyListener - WebDriver start element --> By.id: 0
14:09:10.182  INFO  manager.MyListener - WebDriver found element by locator -->By.id: 0
14:09:10.215  INFO  tests.BaseTests - Started method with name: public void tests.SearchTests.searchCurrentYear()
14:09:10.216  INFO  manager.MyListener - WebDriver start element --> By.id: 0
14:09:10.229  INFO  manager.MyListener - WebDriver found element by locator -->By.id: 0
14:09:10.249  INFO  manager.MyListener - WebDriver start element --> By.id: city
14:09:10.258  INFO  manager.MyListener - WebDriver found element by locator -->By.id: city
14:09:10.880  INFO  manager.MyListener - WebDriver start element --> By.cssSelector: .pac-item
14:09:10.896  INFO  manager.MyListener - WebDriver found element by locator -->By.cssSelector: .pac-item
14:09:10.923  INFO  manager.MyListener - WebDriver start element --> By.id: city
14:09:10.934  INFO  manager.MyListener - WebDriver found element by locator -->By.id: city
14:09:10.961  INFO  manager.MyListener - WebDriver start element --> By.id: dates
14:09:10.971  INFO  manager.MyListener - WebDriver found element by locator -->By.id: dates
14:09:10.993  INFO  manager.MyListener - WebDriver start element --> By.id: dates
14:09:11.004  INFO  manager.MyListener - WebDriver found element by locator -->By.id: dates
14:09:11.047  INFO  manager.MyListener - WebDriver start element --> By.xpath: //button[@aria-label='Next month']
14:09:11.065  INFO  manager.MyListener - WebDriver found element by locator -->By.xpath: //button[@aria-label='Next month']
14:09:11.116  INFO  manager.MyListener - WebDriver start element --> By.xpath: //div[text()=' 10 ']
14:09:11.131  INFO  manager.MyListener - WebDriver found element by locator -->By.xpath: //div[text()=' 10 ']
14:09:11.169  INFO  manager.MyListener - WebDriver start element --> By.xpath: //button[@aria-label='Next month']
14:09:11.179  INFO  manager.MyListener - WebDriver found element by locator -->By.xpath: //button[@aria-label='Next month']
14:09:11.215  INFO  manager.MyListener - WebDriver start element --> By.xpath: //button[@aria-label='Next month']
14:09:11.228  INFO  manager.MyListener - WebDriver found element by locator -->By.xpath: //button[@aria-label='Next month']
14:09:11.259  INFO  manager.MyListener - WebDriver start element --> By.xpath: //div[text()=' 20 ']
14:09:11.272  INFO  manager.MyListener - WebDriver found element by locator -->By.xpath: //div[text()=' 20 ']
14:09:11.314  INFO  manager.MyListener - WebDriver start element --> By.xpath: //button[@type='submit']
14:09:11.328  INFO  manager.MyListener - WebDriver found element by locator -->By.xpath: //button[@type='submit']
14:09:11.428  INFO  manager.MyListener - WebDriver start element --> By.xpath: //button[@type='submit']
14:09:11.437  INFO  manager.MyListener - WebDriver found element by locator -->By.xpath: //button[@type='submit']
https://ilcarro-1578153671498.web.app/search/results?city=Haifa&startDate=2022-08-10%2000:00&endDate=2022-10-20%2000:00
14:09:13.355  INFO  manager.MyListener - WebDriver start element --> By.id: 0
14:09:13.370  INFO  manager.MyListener - WebDriver found element by locator -->By.id: 0
14:09:13.408  INFO  tests.BaseTests - Started method with name: public void tests.SearchTests.searchCurrentYearLocalDate()
14:09:13.408  INFO  manager.MyListener - WebDriver start element --> By.id: 0
14:09:13.420  INFO  manager.MyListener - WebDriver found element by locator -->By.id: 0
14:09:13.444  INFO  manager.MyListener - WebDriver start element --> By.id: city
14:09:13.452  INFO  manager.MyListener - WebDriver found element by locator -->By.id: city
14:09:14.063  INFO  manager.MyListener - WebDriver start element --> By.cssSelector: .pac-item
14:09:14.078  INFO  manager.MyListener - WebDriver found element by locator -->By.cssSelector: .pac-item
14:09:14.100  INFO  manager.MyListener - WebDriver start element --> By.id: dates
14:09:14.116  INFO  manager.MyListener - WebDriver found element by locator -->By.id: dates
14:09:14.168  INFO  manager.MyListener - WebDriver start element --> By.id: dates
14:09:14.177  INFO  manager.MyListener - WebDriver found element by locator -->By.id: dates
14:09:14.216  INFO  manager.MyListener - WebDriver start element --> By.xpath: //button[@aria-label='Next month']
14:09:14.228  INFO  manager.MyListener - WebDriver found element by locator -->By.xpath: //button[@aria-label='Next month']
14:09:14.275  INFO  manager.MyListener - WebDriver start element --> By.xpath: //div[text()=' 10 ']
14:09:14.298  INFO  manager.MyListener - WebDriver found element by locator -->By.xpath: //div[text()=' 10 ']
14:09:14.335  INFO  manager.MyListener - WebDriver start element --> By.xpath: //button[@aria-label='Next month']
14:09:14.345  INFO  manager.MyListener - WebDriver found element by locator -->By.xpath: //button[@aria-label='Next month']
14:09:14.380  INFO  manager.MyListener - WebDriver start element --> By.xpath: //button[@aria-label='Next month']
14:09:14.391  INFO  manager.MyListener - WebDriver found element by locator -->By.xpath: //button[@aria-label='Next month']
14:09:14.423  INFO  manager.MyListener - WebDriver start element --> By.xpath: //div[text()=' 20 ']
14:09:14.432  INFO  manager.MyListener - WebDriver found element by locator -->By.xpath: //div[text()=' 20 ']
14:09:14.473  INFO  manager.MyListener - WebDriver start element --> By.xpath: //button[@type='submit']
14:09:14.482  INFO  manager.MyListener - WebDriver found element by locator -->By.xpath: //button[@type='submit']
14:09:14.499  INFO  manager.MyListener - WebDriver start element --> By.xpath: //button[@type='submit']
14:09:14.511  INFO  manager.MyListener - WebDriver found element by locator -->By.xpath: //button[@type='submit']
https://ilcarro-1578153671498.web.app/search/results?city=Haifa&startDate=2022-08-10%2000:00&endDate=2022-10-20%2000:00
14:09:16.508  INFO  manager.MyListener - WebDriver start element --> By.id: 0
14:09:16.524  INFO  manager.MyListener - WebDriver found element by locator -->By.id: 0
14:09:16.559  INFO  tests.BaseTests - Started method with name: public void tests.SearchTests.searchPeriodPast()
14:09:16.560  INFO  manager.MyListener - WebDriver start element --> By.id: 0
14:09:16.573  INFO  manager.MyListener - WebDriver found element by locator -->By.id: 0
14:09:16.597  INFO  manager.MyListener - WebDriver start element --> By.id: city
14:09:16.608  INFO  manager.MyListener - WebDriver found element by locator -->By.id: city
14:09:17.210  INFO  manager.MyListener - WebDriver start element --> By.cssSelector: .pac-item
14:09:17.210  INFO  manager.MyListener - WebDriver found element by locator -->By.cssSelector: .pac-item
14:09:17.246  INFO  manager.MyListener - WebDriver start element --> By.id: city
14:09:17.254  INFO  manager.MyListener - WebDriver found element by locator -->By.id: city
14:09:17.282  INFO  manager.MyListener - WebDriver start element --> By.id: dates
14:09:17.292  INFO  manager.MyListener - WebDriver found element by locator -->By.id: dates
14:09:17.313  INFO  manager.MyListener - WebDriver start element --> By.id: dates
14:09:17.323  INFO  manager.MyListener - WebDriver found element by locator -->By.id: dates
14:09:17.438  INFO  manager.MyListener - WebDriver start element --> By.cssSelector: .cdk-overlay-container
14:09:17.451  INFO  manager.MyListener - WebDriver found element by locator -->By.cssSelector: .cdk-overlay-container
14:09:17.488  INFO  manager.MyListener - WebDriver start element --> By.cssSelector: div[class='ng-star-inserted']
14:09:17.502  INFO  manager.MyListener - WebDriver found element by locator -->By.cssSelector: div[class='ng-star-inserted']
14:09:17.526  INFO  manager.MyListener - WebDriver start element --> By.cssSelector: [type=submit]
14:09:17.538  INFO  manager.MyListener - WebDriver found element by locator -->By.cssSelector: [type=submit]
14:09:18.553  INFO  manager.MyListener - WebDriver start element --> By.id: 0
14:09:18.571  INFO  manager.MyListener - WebDriver found element by locator -->By.id: 0
]]></system-out>
  <system-err><![CDATA[]]></system-err>
</testsuite>
