<?xml version="1.0" encoding="UTF-8"?>
<testsuite name="tests.TestsLogin" tests="7" skipped="0" failures="0" errors="0" timestamp="2022-07-26T11:09:23" hostname="LAPTOP-S8MI6IBE" time="21.021">
  <properties/>
  <testcase name="loginSuccess[0](katermax07@mail.ru, Rr020985$)" classname="tests.TestsLogin" time="3.263"/>
  <testcase name="loginSuccess[1](monalisa1@gmail.com, 020985$Max)" classname="tests.TestsLogin" time="3.299"/>
  <testcase name="loginSuccess[2](monalisa3@gmail.com, 020985$Max)" classname="tests.TestsLogin" time="3.246"/>
  <testcase name="loginSuccess2" classname="tests.TestsLogin" time="3.238"/>
  <testcase name="loginSuccessDP[0](User{name='null', lastName='null', email='monalisa1@gmail.com', password='020985$Max', phoneNom='null'})" classname="tests.TestsLogin" time="2.451"/>
  <testcase name="loginSuccessDP[1](User{name='null', lastName='null', email='monalisa2@gmail.com', password='020985$Max', phoneNom='null'})" classname="tests.TestsLogin" time="2.395"/>
  <testcase name="loginSuccessDP[2](User{name='null', lastName='null', email='monalisa3@gmail.com', password='020985$Max', phoneNom='null'})" classname="tests.TestsLogin" time="2.399"/>
  <system-out><![CDATA[14:09:18.593  INFO  tests.BaseTests - Started method with name: public void tests.TestsLogin.loginSuccess(java.lang.String,java.lang.String)
14:09:23.643  INFO  tests.BaseTests - Test start with email: katermax07@mail.ru and password:Rr020985$
14:09:23.643  INFO  manager.MyListener - WebDriver start element --> By.xpath: //a[text()=' Log in ']
14:09:23.659  INFO  manager.MyListener - WebDriver found element by locator -->By.xpath: //a[text()=' Log in ']
14:09:23.707  INFO  manager.MyListener - WebDriver start element --> By.xpath: //input[@id='email']
14:09:23.720  INFO  manager.MyListener - WebDriver found element by locator -->By.xpath: //input[@id='email']
14:09:24.278  INFO  manager.MyListener - WebDriver start element --> By.xpath: //input[@id='password']
14:09:24.290  INFO  manager.MyListener - WebDriver found element by locator -->By.xpath: //input[@id='password']
14:09:24.801  INFO  manager.MyListener - WebDriver start element --> By.xpath: //button[@type='submit']
14:09:24.801  INFO  manager.MyListener - WebDriver found element by locator -->By.xpath: //button[@type='submit']
14:09:24.825  INFO  manager.MyListener - WebDriver start element --> By.xpath: //button[@type='submit']
14:09:24.833  INFO  manager.MyListener - WebDriver found element by locator -->By.xpath: //button[@type='submit']
14:09:26.875  INFO  manager.MyListener - WebDriver start element --> By.cssSelector: div.dialog-container
14:09:26.875  INFO  manager.MyListener - WebDriver found element by locator -->By.cssSelector: div.dialog-container
14:09:26.890  INFO  manager.MyListener - WebDriver start element --> By.cssSelector: div.dialog-container h1
14:09:26.906  INFO  manager.MyListener - WebDriver found element by locator -->By.cssSelector: div.dialog-container h1
14:09:26.906  INFO  manager.HelperBase - We get the 'message': Logged in
14:09:26.906  INFO  tests.BaseTests - Test passed
14:09:26.922  INFO  manager.MyListener - WebDriver start element --> By.xpath: //button[text()='Ok']
14:09:26.938  INFO  manager.MyListener - WebDriver found element by locator -->By.xpath: //button[text()='Ok']
14:09:26.965  INFO  tests.BaseTests - Started method with name: public void tests.TestsLogin.loginSuccess(java.lang.String,java.lang.String)
14:09:26.979  INFO  manager.MyListener - WebDriver start element --> By.xpath: //a[text()=' Logout ']
14:09:26.990  INFO  manager.MyListener - WebDriver found element by locator -->By.xpath: //a[text()=' Logout ']
14:09:27.040  INFO  tests.BaseTests - Test start with logout
14:09:27.042  INFO  tests.BaseTests - Test start with email: monalisa1@gmail.com and password:020985$Max
14:09:27.044  INFO  manager.MyListener - WebDriver start element --> By.xpath: //a[text()=' Log in ']
14:09:27.064  INFO  manager.MyListener - WebDriver found element by locator -->By.xpath: //a[text()=' Log in ']
14:09:27.113  INFO  manager.MyListener - WebDriver start element --> By.xpath: //input[@id='email']
14:09:27.127  INFO  manager.MyListener - WebDriver found element by locator -->By.xpath: //input[@id='email']
14:09:27.686  INFO  manager.MyListener - WebDriver start element --> By.xpath: //input[@id='password']
14:09:27.696  INFO  manager.MyListener - WebDriver found element by locator -->By.xpath: //input[@id='password']
14:09:28.215  INFO  manager.MyListener - WebDriver start element --> By.xpath: //button[@type='submit']
14:09:28.235  INFO  manager.MyListener - WebDriver found element by locator -->By.xpath: //button[@type='submit']
14:09:28.247  INFO  manager.MyListener - WebDriver start element --> By.xpath: //button[@type='submit']
14:09:28.263  INFO  manager.MyListener - WebDriver found element by locator -->By.xpath: //button[@type='submit']
14:09:30.303  INFO  manager.MyListener - WebDriver start element --> By.cssSelector: div.dialog-container
14:09:30.319  INFO  manager.MyListener - WebDriver found element by locator -->By.cssSelector: div.dialog-container
14:09:30.319  INFO  manager.MyListener - WebDriver start element --> By.cssSelector: div.dialog-container h1
14:09:30.334  INFO  manager.MyListener - WebDriver found element by locator -->By.cssSelector: div.dialog-container h1
14:09:30.340  INFO  manager.HelperBase - We get the 'message': Logged in
14:09:30.340  INFO  tests.BaseTests - Test passed
14:09:30.350  INFO  manager.MyListener - WebDriver start element --> By.xpath: //button[text()='Ok']
14:09:30.366  INFO  manager.MyListener - WebDriver found element by locator -->By.xpath: //button[text()='Ok']
14:09:30.382  INFO  tests.BaseTests - Started method with name: public void tests.TestsLogin.loginSuccess(java.lang.String,java.lang.String)
14:09:30.397  INFO  manager.MyListener - WebDriver start element --> By.xpath: //a[text()=' Logout ']
14:09:30.409  INFO  manager.MyListener - WebDriver found element by locator -->By.xpath: //a[text()=' Logout ']
14:09:30.452  INFO  tests.BaseTests - Test start with logout
14:09:30.453  INFO  tests.BaseTests - Test start with email: monalisa3@gmail.com and password:020985$Max
14:09:30.453  INFO  manager.MyListener - WebDriver start element --> By.xpath: //a[text()=' Log in ']
14:09:30.465  INFO  manager.MyListener - WebDriver found element by locator -->By.xpath: //a[text()=' Log in ']
14:09:30.518  INFO  manager.MyListener - WebDriver start element --> By.xpath: //input[@id='email']
14:09:30.530  INFO  manager.MyListener - WebDriver found element by locator -->By.xpath: //input[@id='email']
14:09:31.075  INFO  manager.MyListener - WebDriver start element --> By.xpath: //input[@id='password']
14:09:31.084  INFO  manager.MyListener - WebDriver found element by locator -->By.xpath: //input[@id='password']
14:09:31.580  INFO  manager.MyListener - WebDriver start element --> By.xpath: //button[@type='submit']
14:09:31.596  INFO  manager.MyListener - WebDriver found element by locator -->By.xpath: //button[@type='submit']
14:09:31.611  INFO  manager.MyListener - WebDriver start element --> By.xpath: //button[@type='submit']
14:09:31.611  INFO  manager.MyListener - WebDriver found element by locator -->By.xpath: //button[@type='submit']
14:09:33.667  INFO  manager.MyListener - WebDriver start element --> By.cssSelector: div.dialog-container
14:09:33.667  INFO  manager.MyListener - WebDriver found element by locator -->By.cssSelector: div.dialog-container
14:09:33.682  INFO  manager.MyListener - WebDriver start element --> By.cssSelector: div.dialog-container h1
14:09:33.682  INFO  manager.MyListener - WebDriver found element by locator -->By.cssSelector: div.dialog-container h1
14:09:33.698  INFO  manager.HelperBase - We get the 'message': Logged in
14:09:33.698  INFO  tests.BaseTests - Test passed
14:09:33.713  INFO  manager.MyListener - WebDriver start element --> By.xpath: //button[text()='Ok']
14:09:33.713  INFO  manager.MyListener - WebDriver found element by locator -->By.xpath: //button[text()='Ok']
14:09:33.760  INFO  tests.BaseTests - Started method with name: public void tests.TestsLogin.loginSuccess2()
14:09:33.771  INFO  manager.MyListener - WebDriver start element --> By.xpath: //a[text()=' Logout ']
14:09:33.780  INFO  manager.MyListener - WebDriver found element by locator -->By.xpath: //a[text()=' Logout ']
14:09:33.828  INFO  tests.BaseTests - Test start with logout
14:09:33.828  INFO  manager.MyListener - WebDriver start element --> By.xpath: //a[text()=' Log in ']
14:09:33.840  INFO  manager.MyListener - WebDriver found element by locator -->By.xpath: //a[text()=' Log in ']
14:09:33.895  INFO  manager.MyListener - WebDriver start element --> By.xpath: //input[@id='email']
14:09:33.907  INFO  manager.MyListener - WebDriver found element by locator -->By.xpath: //input[@id='email']
14:09:34.431  INFO  manager.MyListener - WebDriver start element --> By.xpath: //input[@id='password']
14:09:34.440  INFO  manager.MyListener - WebDriver found element by locator -->By.xpath: //input[@id='password']
14:09:34.961  INFO  manager.MyListener - WebDriver start element --> By.xpath: //button[@type='submit']
14:09:34.961  INFO  manager.MyListener - WebDriver found element by locator -->By.xpath: //button[@type='submit']
14:09:34.977  INFO  manager.MyListener - WebDriver start element --> By.xpath: //button[@type='submit']
14:09:34.993  INFO  manager.MyListener - WebDriver found element by locator -->By.xpath: //button[@type='submit']
14:09:37.035  INFO  manager.MyListener - WebDriver start element --> By.cssSelector: div.dialog-container
14:09:37.035  INFO  manager.MyListener - WebDriver found element by locator -->By.cssSelector: div.dialog-container
14:09:37.050  INFO  manager.MyListener - WebDriver start element --> By.cssSelector: div.dialog-container h1
14:09:37.063  INFO  manager.MyListener - WebDriver found element by locator -->By.cssSelector: div.dialog-container h1
14:09:37.066  INFO  manager.HelperBase - We get the 'message': Logged in
14:09:37.082  INFO  manager.MyListener - WebDriver start element --> By.xpath: //button[text()='Ok']
14:09:37.082  INFO  manager.MyListener - WebDriver found element by locator -->By.xpath: //button[text()='Ok']
14:09:37.117  INFO  tests.BaseTests - Started method with name: public void tests.TestsLogin.loginSuccessDP(models.User)
14:09:37.126  INFO  manager.MyListener - WebDriver start element --> By.xpath: //a[text()=' Logout ']
14:09:37.136  INFO  manager.MyListener - WebDriver found element by locator -->By.xpath: //a[text()=' Logout ']
14:09:37.185  INFO  tests.BaseTests - Test start with logout
14:09:37.187  INFO  tests.BaseTests - Test start with email: monalisa1@gmail.com and password:020985$Max
14:09:37.187  INFO  manager.MyListener - WebDriver start element --> By.xpath: //a[text()=' Log in ']
14:09:37.205  INFO  manager.MyListener - WebDriver found element by locator -->By.xpath: //a[text()=' Log in ']
14:09:37.254  INFO  manager.MyListener - WebDriver start element --> By.id: email
14:09:37.269  INFO  manager.MyListener - WebDriver found element by locator -->By.id: email
14:09:37.395  INFO  manager.MyListener - WebDriver start element --> By.id: password
14:09:37.408  INFO  manager.MyListener - WebDriver found element by locator -->By.id: password
14:09:37.495  INFO  manager.MyListener - WebDriver start element --> By.xpath: //button[@type='submit']
14:09:37.508  INFO  manager.MyListener - WebDriver found element by locator -->By.xpath: //button[@type='submit']
14:09:37.527  INFO  manager.MyListener - WebDriver start element --> By.xpath: //button[@type='submit']
14:09:37.537  INFO  manager.MyListener - WebDriver found element by locator -->By.xpath: //button[@type='submit']
14:09:39.574  INFO  manager.MyListener - WebDriver start element --> By.cssSelector: div.dialog-container
14:09:39.590  INFO  manager.MyListener - WebDriver found element by locator -->By.cssSelector: div.dialog-container
14:09:39.606  INFO  manager.MyListener - WebDriver start element --> By.cssSelector: div.dialog-container h1
14:09:39.621  INFO  manager.MyListener - WebDriver found element by locator -->By.cssSelector: div.dialog-container h1
14:09:39.637  INFO  manager.HelperBase - We get the 'message': Logged in
14:09:39.637  INFO  tests.BaseTests - Test passed
14:09:39.637  INFO  manager.MyListener - WebDriver start element --> By.xpath: //button[text()='Ok']
14:09:39.652  INFO  manager.MyListener - WebDriver found element by locator -->By.xpath: //button[text()='Ok']
14:09:39.682  INFO  tests.BaseTests - Started method with name: public void tests.TestsLogin.loginSuccessDP(models.User)
14:09:39.693  INFO  manager.MyListener - WebDriver start element --> By.xpath: //a[text()=' Logout ']
14:09:39.704  INFO  manager.MyListener - WebDriver found element by locator -->By.xpath: //a[text()=' Logout ']
14:09:39.747  INFO  tests.BaseTests - Test start with logout
14:09:39.748  INFO  tests.BaseTests - Test start with email: monalisa2@gmail.com and password:020985$Max
14:09:39.748  INFO  manager.MyListener - WebDriver start element --> By.xpath: //a[text()=' Log in ']
14:09:39.760  INFO  manager.MyListener - WebDriver found element by locator -->By.xpath: //a[text()=' Log in ']
14:09:39.817  INFO  manager.MyListener - WebDriver start element --> By.id: email
14:09:39.827  INFO  manager.MyListener - WebDriver found element by locator -->By.id: email
14:09:39.937  INFO  manager.MyListener - WebDriver start element --> By.id: password
14:09:39.946  INFO  manager.MyListener - WebDriver found element by locator -->By.id: password
14:09:40.035  INFO  manager.MyListener - WebDriver start element --> By.xpath: //button[@type='submit']
14:09:40.044  INFO  manager.MyListener - WebDriver found element by locator -->By.xpath: //button[@type='submit']
14:09:40.066  INFO  manager.MyListener - WebDriver start element --> By.xpath: //button[@type='submit']
14:09:40.077  INFO  manager.MyListener - WebDriver found element by locator -->By.xpath: //button[@type='submit']
14:09:42.112  INFO  manager.MyListener - WebDriver start element --> By.cssSelector: div.dialog-container
14:09:42.128  INFO  manager.MyListener - WebDriver found element by locator -->By.cssSelector: div.dialog-container
14:09:42.128  INFO  manager.MyListener - WebDriver start element --> By.cssSelector: div.dialog-container h1
14:09:42.143  INFO  manager.MyListener - WebDriver found element by locator -->By.cssSelector: div.dialog-container h1
14:09:42.143  INFO  manager.HelperBase - We get the 'message': Logged in
14:09:42.143  INFO  tests.BaseTests - Test passed
14:09:42.159  INFO  manager.MyListener - WebDriver start element --> By.xpath: //button[text()='Ok']
14:09:42.174  INFO  manager.MyListener - WebDriver found element by locator -->By.xpath: //button[text()='Ok']
14:09:42.200  INFO  tests.BaseTests - Started method with name: public void tests.TestsLogin.loginSuccessDP(models.User)
14:09:42.210  INFO  manager.MyListener - WebDriver start element --> By.xpath: //a[text()=' Logout ']
14:09:42.220  INFO  manager.MyListener - WebDriver found element by locator -->By.xpath: //a[text()=' Logout ']
14:09:42.264  INFO  tests.BaseTests - Test start with logout
14:09:42.265  INFO  tests.BaseTests - Test start with email: monalisa3@gmail.com and password:020985$Max
14:09:42.265  INFO  manager.MyListener - WebDriver start element --> By.xpath: //a[text()=' Log in ']
14:09:42.276  INFO  manager.MyListener - WebDriver found element by locator -->By.xpath: //a[text()=' Log in ']
14:09:42.337  INFO  manager.MyListener - WebDriver start element --> By.id: email
14:09:42.349  INFO  manager.MyListener - WebDriver found element by locator -->By.id: email
14:09:42.459  INFO  manager.MyListener - WebDriver start element --> By.id: password
14:09:42.470  INFO  manager.MyListener - WebDriver found element by locator -->By.id: password
14:09:42.559  INFO  manager.MyListener - WebDriver start element --> By.xpath: //button[@type='submit']
14:09:42.570  INFO  manager.MyListener - WebDriver found element by locator -->By.xpath: //button[@type='submit']
14:09:42.589  INFO  manager.MyListener - WebDriver start element --> By.xpath: //button[@type='submit']
14:09:42.599  INFO  manager.MyListener - WebDriver found element by locator -->By.xpath: //button[@type='submit']
14:09:44.633  INFO  manager.MyListener - WebDriver start element --> By.cssSelector: div.dialog-container
14:09:44.648  INFO  manager.MyListener - WebDriver found element by locator -->By.cssSelector: div.dialog-container
14:09:44.648  INFO  manager.MyListener - WebDriver start element --> By.cssSelector: div.dialog-container h1
14:09:44.664  INFO  manager.MyListener - WebDriver found element by locator -->By.cssSelector: div.dialog-container h1
14:09:44.664  INFO  manager.HelperBase - We get the 'message': Logged in
14:09:44.664  INFO  tests.BaseTests - Test passed
14:09:44.683  INFO  manager.MyListener - WebDriver start element --> By.xpath: //button[text()='Ok']
14:09:44.683  INFO  manager.MyListener - WebDriver found element by locator -->By.xpath: //button[text()='Ok']
]]></system-out>
  <system-err><![CDATA[]]></system-err>
</testsuite>
