<?xml version="1.0" encoding="UTF-8"?>
<testsuite name="tests.AddNewCar" tests="4" skipped="0" failures="0" errors="0" timestamp="2022-07-26T11:08:19" hostname="LAPTOP-S8MI6IBE" time="25.481">
  <properties/>
  <testcase name="addCarSuccessCSV[0](Car(address=Haifa,Israel, make=BMW, model=M7, year=2019, engine=2.5, fuel=Petrol, gear=AT, wD=AWD, doors=5, seats=4, clasS=C, fuelConsumption=6.5, carRegNumber=114-334-1338, price=65, distanceIncluded=700, features=features, about=very nice car))" classname="tests.AddNewCar" time="6.81"/>
  <testcase name="addCarSuccessCSV[1](Car(address=Haifa,Israel, make=BMW, model=X6, year=2017, engine=2.5, fuel=Petrol, gear=AT, wD=AWD, doors=5, seats=4, clasS=C, fuelConsumption=6.5, carRegNumber=199-335-1338, price=65, distanceIncluded=700, features=features, about=very nice car))" classname="tests.AddNewCar" time="6.537"/>
  <testcase name="addCarSuccessCSV[2](Car(address=Tel-Aviv,Israel, make=Mazda, model=M7, year=2020, engine=2.5, fuel=Petrol, gear=AT, wD=AWD, doors=5, seats=4, clasS=C, fuelConsumption=6.5, carRegNumber=101-335-1338, price=65, distanceIncluded=700, features=features, about=very nice car))" classname="tests.AddNewCar" time="5.928"/>
  <testcase name="addNewCarSuccess" classname="tests.AddNewCar" time="5.998"/>
  <system-out><![CDATA[14:08:13.728  INFO  tests.BaseTests - Started method with name: public void tests.AddNewCar.addCarSuccessCSV(models.Car)
14:08:18.763  INFO  manager.MyListener - WebDriver start element --> By.xpath: //a[text()=' Log in ']
14:08:18.788  INFO  manager.MyListener - WebDriver found element by locator -->By.xpath: //a[text()=' Log in ']
14:08:18.880  INFO  manager.MyListener - WebDriver start element --> By.id: email
14:08:18.900  INFO  manager.MyListener - WebDriver found element by locator -->By.id: email
14:08:19.027  INFO  manager.MyListener - WebDriver start element --> By.id: password
14:08:19.053  INFO  manager.MyListener - WebDriver found element by locator -->By.id: password
14:08:19.139  INFO  manager.MyListener - WebDriver start element --> By.xpath: //button[@type='submit']
14:08:19.165  INFO  manager.MyListener - WebDriver found element by locator -->By.xpath: //button[@type='submit']
14:08:19.219  INFO  manager.MyListener - WebDriver start element --> By.xpath: //button[@type='submit']
14:08:19.237  INFO  manager.MyListener - WebDriver found element by locator -->By.xpath: //button[@type='submit']
14:08:19.796  INFO  manager.MyListener - WebDriver start element --> By.xpath: //button[text()='Ok']
14:08:19.816  INFO  manager.MyListener - WebDriver found element by locator -->By.xpath: //button[text()='Ok']
14:08:19.854  INFO  tests.BaseTests - User: 
14:08:20.888  INFO  manager.MyListener - WebDriver start element --> By.id: 1
14:08:20.916  INFO  manager.MyListener - WebDriver found element by locator -->By.id: 1
14:08:21.003  INFO  manager.MyListener - WebDriver start element --> By.id: pickUpPlace
14:08:21.025  INFO  manager.MyListener - WebDriver found element by locator -->By.id: pickUpPlace
14:08:21.135  INFO  manager.MyListener - WebDriver start element --> By.cssSelector: div.pac-item
14:08:21.527  INFO  manager.MyListener - WebDriver found element by locator -->By.cssSelector: div.pac-item
14:08:22.057  INFO  manager.MyListener - WebDriver start element --> By.id: make
14:08:22.073  INFO  manager.MyListener - WebDriver found element by locator -->By.id: make
14:08:22.165  INFO  manager.MyListener - WebDriver start element --> By.id: model
14:08:22.182  INFO  manager.MyListener - WebDriver found element by locator -->By.id: model
14:08:22.264  INFO  manager.MyListener - WebDriver start element --> By.id: year
14:08:22.279  INFO  manager.MyListener - WebDriver found element by locator -->By.id: year
14:08:22.376  INFO  manager.MyListener - WebDriver start element --> By.id: engine
14:08:22.392  INFO  manager.MyListener - WebDriver found element by locator -->By.id: engine
14:08:22.476  INFO  manager.MyListener - WebDriver start element --> By.id: fuel
14:08:22.496  INFO  manager.MyListener - WebDriver found element by locator -->By.id: fuel
14:08:22.556  INFO  manager.MyListener - WebDriver start element --> By.id: gear
14:08:22.571  INFO  manager.MyListener - WebDriver found element by locator -->By.id: gear
14:08:22.635  INFO  manager.MyListener - WebDriver start element --> By.id: wheelsDrive
14:08:22.653  INFO  manager.MyListener - WebDriver found element by locator -->By.id: wheelsDrive
14:08:22.719  INFO  manager.MyListener - WebDriver start element --> By.id: doors
14:08:22.735  INFO  manager.MyListener - WebDriver found element by locator -->By.id: doors
14:08:22.832  INFO  manager.MyListener - WebDriver start element --> By.id: seats
14:08:22.847  INFO  manager.MyListener - WebDriver found element by locator -->By.id: seats
14:08:22.956  INFO  manager.MyListener - WebDriver start element --> By.id: class
14:08:22.971  INFO  manager.MyListener - WebDriver found element by locator -->By.id: class
14:08:23.059  INFO  manager.MyListener - WebDriver start element --> By.id: fuelConsumption
14:08:23.075  INFO  manager.MyListener - WebDriver found element by locator -->By.id: fuelConsumption
14:08:23.185  INFO  manager.MyListener - WebDriver start element --> By.id: serialNumber
14:08:23.200  INFO  manager.MyListener - WebDriver found element by locator -->By.id: serialNumber
14:08:23.316  INFO  manager.MyListener - WebDriver start element --> By.id: price
14:08:23.336  INFO  manager.MyListener - WebDriver found element by locator -->By.id: price
14:08:23.435  INFO  manager.MyListener - WebDriver start element --> By.id: distance
14:08:23.452  INFO  manager.MyListener - WebDriver found element by locator -->By.id: distance
14:08:23.552  INFO  manager.MyListener - WebDriver start element --> By.cssSelector: input[placeholder='Type feature']
14:08:23.568  INFO  manager.MyListener - WebDriver found element by locator -->By.cssSelector: input[placeholder='Type feature']
14:08:23.653  INFO  manager.MyListener - WebDriver start element --> By.id: about
14:08:23.669  INFO  manager.MyListener - WebDriver found element by locator -->By.id: about
14:08:23.743  INFO  manager.MyListener - WebDriver start element --> By.id: photos
14:08:23.758  INFO  manager.MyListener - WebDriver found element by locator -->By.id: photos
14:08:23.807  INFO  manager.MyListener - WebDriver start element --> By.xpath: //button[@type='submit']
14:08:23.823  INFO  manager.MyListener - WebDriver found element by locator -->By.xpath: //button[@type='submit']
14:08:25.450  INFO  manager.MyListener - WebDriver start element --> By.xpath: //button[@type='submit']
14:08:25.462  INFO  manager.MyListener - WebDriver found element by locator -->By.xpath: //button[@type='submit']
14:08:25.494  INFO  manager.MyListener - WebDriver start element --> By.cssSelector: div.dialog-container
14:08:26.621  INFO  manager.MyListener - WebDriver found element by locator -->By.cssSelector: div.dialog-container
14:08:26.634  INFO  manager.MyListener - WebDriver start element --> By.cssSelector: div.dialog-container h1
14:08:26.650  INFO  manager.MyListener - WebDriver found element by locator -->By.cssSelector: div.dialog-container h1
14:08:26.665  INFO  manager.MyListener - WebDriver start element --> By.xpath: //button[text()='Search cars']
14:08:26.681  INFO  manager.MyListener - WebDriver found element by locator -->By.xpath: //button[text()='Search cars']
14:08:26.714  INFO  tests.BaseTests - Started method with name: public void tests.AddNewCar.addCarSuccessCSV(models.Car)
14:08:27.746  INFO  manager.MyListener - WebDriver start element --> By.id: 1
14:08:27.762  INFO  manager.MyListener - WebDriver found element by locator -->By.id: 1
14:08:27.808  INFO  manager.MyListener - WebDriver start element --> By.id: pickUpPlace
14:08:27.824  INFO  manager.MyListener - WebDriver found element by locator -->By.id: pickUpPlace
14:08:27.918  INFO  manager.MyListener - WebDriver start element --> By.cssSelector: div.pac-item
14:08:28.191  INFO  manager.MyListener - WebDriver found element by locator -->By.cssSelector: div.pac-item
14:08:28.729  INFO  manager.MyListener - WebDriver start element --> By.id: make
14:08:28.744  INFO  manager.MyListener - WebDriver found element by locator -->By.id: make
14:08:28.815  INFO  manager.MyListener - WebDriver start element --> By.id: model
14:08:28.834  INFO  manager.MyListener - WebDriver found element by locator -->By.id: model
14:08:28.924  INFO  manager.MyListener - WebDriver start element --> By.id: year
14:08:28.936  INFO  manager.MyListener - WebDriver found element by locator -->By.id: year
14:08:29.034  INFO  manager.MyListener - WebDriver start element --> By.id: engine
14:08:29.046  INFO  manager.MyListener - WebDriver found element by locator -->By.id: engine
14:08:29.128  INFO  manager.MyListener - WebDriver start element --> By.id: fuel
14:08:29.138  INFO  manager.MyListener - WebDriver found element by locator -->By.id: fuel
14:08:29.195  INFO  manager.MyListener - WebDriver start element --> By.id: gear
14:08:29.207  INFO  manager.MyListener - WebDriver found element by locator -->By.id: gear
14:08:29.262  INFO  manager.MyListener - WebDriver start element --> By.id: wheelsDrive
14:08:29.276  INFO  manager.MyListener - WebDriver found element by locator -->By.id: wheelsDrive
14:08:29.333  INFO  manager.MyListener - WebDriver start element --> By.id: doors
14:08:29.347  INFO  manager.MyListener - WebDriver found element by locator -->By.id: doors
14:08:29.475  INFO  manager.MyListener - WebDriver start element --> By.id: seats
14:08:29.493  INFO  manager.MyListener - WebDriver found element by locator -->By.id: seats
14:08:29.601  INFO  manager.MyListener - WebDriver start element --> By.id: class
14:08:29.614  INFO  manager.MyListener - WebDriver found element by locator -->By.id: class
14:08:29.699  INFO  manager.MyListener - WebDriver start element --> By.id: fuelConsumption
14:08:29.712  INFO  manager.MyListener - WebDriver found element by locator -->By.id: fuelConsumption
14:08:29.814  INFO  manager.MyListener - WebDriver start element --> By.id: serialNumber
14:08:29.828  INFO  manager.MyListener - WebDriver found element by locator -->By.id: serialNumber
14:08:29.935  INFO  manager.MyListener - WebDriver start element --> By.id: price
14:08:29.950  INFO  manager.MyListener - WebDriver found element by locator -->By.id: price
14:08:30.068  INFO  manager.MyListener - WebDriver start element --> By.id: distance
14:08:30.081  INFO  manager.MyListener - WebDriver found element by locator -->By.id: distance
14:08:30.192  INFO  manager.MyListener - WebDriver start element --> By.cssSelector: input[placeholder='Type feature']
14:08:30.204  INFO  manager.MyListener - WebDriver found element by locator -->By.cssSelector: input[placeholder='Type feature']
14:08:30.310  INFO  manager.MyListener - WebDriver start element --> By.id: about
14:08:30.329  INFO  manager.MyListener - WebDriver found element by locator -->By.id: about
14:08:30.428  INFO  manager.MyListener - WebDriver start element --> By.id: photos
14:08:30.445  INFO  manager.MyListener - WebDriver found element by locator -->By.id: photos
14:08:30.471  INFO  manager.MyListener - WebDriver start element --> By.xpath: //button[@type='submit']
14:08:30.483  INFO  manager.MyListener - WebDriver found element by locator -->By.xpath: //button[@type='submit']
14:08:31.598  INFO  manager.MyListener - WebDriver start element --> By.xpath: //button[@type='submit']
14:08:31.614  INFO  manager.MyListener - WebDriver found element by locator -->By.xpath: //button[@type='submit']
14:08:31.658  INFO  manager.MyListener - WebDriver start element --> By.cssSelector: div.dialog-container
14:08:32.720  INFO  manager.MyListener - WebDriver found element by locator -->By.cssSelector: div.dialog-container
14:08:33.247  INFO  manager.MyListener - WebDriver start element --> By.cssSelector: div.dialog-container h1
14:08:33.262  INFO  manager.MyListener - WebDriver found element by locator -->By.cssSelector: div.dialog-container h1
14:08:33.278  INFO  manager.MyListener - WebDriver start element --> By.xpath: //button[text()='Search cars']
14:08:33.278  INFO  manager.MyListener - WebDriver found element by locator -->By.xpath: //button[text()='Search cars']
14:08:33.318  INFO  tests.BaseTests - Started method with name: public void tests.AddNewCar.addCarSuccessCSV(models.Car)
14:08:34.344  INFO  manager.MyListener - WebDriver start element --> By.id: 1
14:08:34.359  INFO  manager.MyListener - WebDriver found element by locator -->By.id: 1
14:08:34.399  INFO  manager.MyListener - WebDriver start element --> By.id: pickUpPlace
14:08:34.412  INFO  manager.MyListener - WebDriver found element by locator -->By.id: pickUpPlace
14:08:34.505  INFO  manager.MyListener - WebDriver start element --> By.cssSelector: div.pac-item
14:08:34.760  INFO  manager.MyListener - WebDriver found element by locator -->By.cssSelector: div.pac-item
14:08:35.301  INFO  manager.MyListener - WebDriver start element --> By.id: make
14:08:35.301  INFO  manager.MyListener - WebDriver found element by locator -->By.id: make
14:08:35.397  INFO  manager.MyListener - WebDriver start element --> By.id: model
14:08:35.410  INFO  manager.MyListener - WebDriver found element by locator -->By.id: model
14:08:35.493  INFO  manager.MyListener - WebDriver start element --> By.id: year
14:08:35.509  INFO  manager.MyListener - WebDriver found element by locator -->By.id: year
14:08:35.612  INFO  manager.MyListener - WebDriver start element --> By.id: engine
14:08:35.626  INFO  manager.MyListener - WebDriver found element by locator -->By.id: engine
14:08:35.716  INFO  manager.MyListener - WebDriver start element --> By.id: fuel
14:08:35.731  INFO  manager.MyListener - WebDriver found element by locator -->By.id: fuel
14:08:35.782  INFO  manager.MyListener - WebDriver start element --> By.id: gear
14:08:35.796  INFO  manager.MyListener - WebDriver found element by locator -->By.id: gear
14:08:35.848  INFO  manager.MyListener - WebDriver start element --> By.id: wheelsDrive
14:08:35.862  INFO  manager.MyListener - WebDriver found element by locator -->By.id: wheelsDrive
14:08:35.915  INFO  manager.MyListener - WebDriver start element --> By.id: doors
14:08:35.928  INFO  manager.MyListener - WebDriver found element by locator -->By.id: doors
14:08:36.020  INFO  manager.MyListener - WebDriver start element --> By.id: seats
14:08:36.029  INFO  manager.MyListener - WebDriver found element by locator -->By.id: seats
14:08:36.132  INFO  manager.MyListener - WebDriver start element --> By.id: class
14:08:36.146  INFO  manager.MyListener - WebDriver found element by locator -->By.id: class
14:08:36.227  INFO  manager.MyListener - WebDriver start element --> By.id: fuelConsumption
14:08:36.241  INFO  manager.MyListener - WebDriver found element by locator -->By.id: fuelConsumption
14:08:36.336  INFO  manager.MyListener - WebDriver start element --> By.id: serialNumber
14:08:36.348  INFO  manager.MyListener - WebDriver found element by locator -->By.id: serialNumber
14:08:36.440  INFO  manager.MyListener - WebDriver start element --> By.id: price
14:08:36.455  INFO  manager.MyListener - WebDriver found element by locator -->By.id: price
14:08:36.547  INFO  manager.MyListener - WebDriver start element --> By.id: distance
14:08:36.562  INFO  manager.MyListener - WebDriver found element by locator -->By.id: distance
14:08:36.662  INFO  manager.MyListener - WebDriver start element --> By.cssSelector: input[placeholder='Type feature']
14:08:36.675  INFO  manager.MyListener - WebDriver found element by locator -->By.cssSelector: input[placeholder='Type feature']
14:08:36.759  INFO  manager.MyListener - WebDriver start element --> By.id: about
14:08:36.769  INFO  manager.MyListener - WebDriver found element by locator -->By.id: about
14:08:36.855  INFO  manager.MyListener - WebDriver start element --> By.id: photos
14:08:36.870  INFO  manager.MyListener - WebDriver found element by locator -->By.id: photos
14:08:36.895  INFO  manager.MyListener - WebDriver start element --> By.xpath: //button[@type='submit']
14:08:36.908  INFO  manager.MyListener - WebDriver found element by locator -->By.xpath: //button[@type='submit']
14:08:37.979  INFO  manager.MyListener - WebDriver start element --> By.xpath: //button[@type='submit']
14:08:37.988  INFO  manager.MyListener - WebDriver found element by locator -->By.xpath: //button[@type='submit']
14:08:38.019  INFO  manager.MyListener - WebDriver start element --> By.cssSelector: div.dialog-container
14:08:39.220  INFO  manager.MyListener - WebDriver found element by locator -->By.cssSelector: div.dialog-container
14:08:39.235  INFO  manager.MyListener - WebDriver start element --> By.cssSelector: div.dialog-container h1
14:08:39.248  INFO  manager.MyListener - WebDriver found element by locator -->By.cssSelector: div.dialog-container h1
14:08:39.261  INFO  manager.MyListener - WebDriver start element --> By.xpath: //button[text()='Search cars']
14:08:39.278  INFO  manager.MyListener - WebDriver found element by locator -->By.xpath: //button[text()='Search cars']
14:08:39.315  INFO  tests.BaseTests - Started method with name: private void tests.AddNewCar.addNewCarSuccess()
14:08:40.341  INFO  manager.MyListener - WebDriver start element --> By.id: 1
14:08:40.356  INFO  manager.MyListener - WebDriver found element by locator -->By.id: 1
14:08:40.405  INFO  manager.MyListener - WebDriver start element --> By.id: pickUpPlace
14:08:40.419  INFO  manager.MyListener - WebDriver found element by locator -->By.id: pickUpPlace
14:08:40.510  INFO  manager.MyListener - WebDriver start element --> By.cssSelector: div.pac-item
14:08:40.779  INFO  manager.MyListener - WebDriver found element by locator -->By.cssSelector: div.pac-item
14:08:41.308  INFO  manager.MyListener - WebDriver start element --> By.id: make
14:08:41.324  INFO  manager.MyListener - WebDriver found element by locator -->By.id: make
14:08:41.411  INFO  manager.MyListener - WebDriver start element --> By.id: model
14:08:41.423  INFO  manager.MyListener - WebDriver found element by locator -->By.id: model
14:08:41.506  INFO  manager.MyListener - WebDriver start element --> By.id: year
14:08:41.518  INFO  manager.MyListener - WebDriver found element by locator -->By.id: year
14:08:41.614  INFO  manager.MyListener - WebDriver start element --> By.id: engine
14:08:41.624  INFO  manager.MyListener - WebDriver found element by locator -->By.id: engine
14:08:41.709  INFO  manager.MyListener - WebDriver start element --> By.id: fuel
14:08:41.721  INFO  manager.MyListener - WebDriver found element by locator -->By.id: fuel
14:08:41.785  INFO  manager.MyListener - WebDriver start element --> By.id: gear
14:08:41.794  INFO  manager.MyListener - WebDriver found element by locator -->By.id: gear
14:08:41.855  INFO  manager.MyListener - WebDriver start element --> By.id: wheelsDrive
14:08:41.873  INFO  manager.MyListener - WebDriver found element by locator -->By.id: wheelsDrive
14:08:41.923  INFO  manager.MyListener - WebDriver start element --> By.id: doors
14:08:41.936  INFO  manager.MyListener - WebDriver found element by locator -->By.id: doors
14:08:42.036  INFO  manager.MyListener - WebDriver start element --> By.id: seats
14:08:42.051  INFO  manager.MyListener - WebDriver found element by locator -->By.id: seats
14:08:42.150  INFO  manager.MyListener - WebDriver start element --> By.id: class
14:08:42.160  INFO  manager.MyListener - WebDriver found element by locator -->By.id: class
14:08:42.245  INFO  manager.MyListener - WebDriver start element --> By.id: fuelConsumption
14:08:42.255  INFO  manager.MyListener - WebDriver found element by locator -->By.id: fuelConsumption
14:08:42.354  INFO  manager.MyListener - WebDriver start element --> By.id: serialNumber
14:08:42.366  INFO  manager.MyListener - WebDriver found element by locator -->By.id: serialNumber
14:08:42.466  INFO  manager.MyListener - WebDriver start element --> By.id: price
14:08:42.476  INFO  manager.MyListener - WebDriver found element by locator -->By.id: price
14:08:42.577  INFO  manager.MyListener - WebDriver start element --> By.id: distance
14:08:42.588  INFO  manager.MyListener - WebDriver found element by locator -->By.id: distance
14:08:42.703  INFO  manager.MyListener - WebDriver start element --> By.cssSelector: input[placeholder='Type feature']
14:08:42.716  INFO  manager.MyListener - WebDriver found element by locator -->By.cssSelector: input[placeholder='Type feature']
14:08:42.792  INFO  manager.MyListener - WebDriver start element --> By.id: about
14:08:42.806  INFO  manager.MyListener - WebDriver found element by locator -->By.id: about
14:08:42.891  INFO  manager.MyListener - WebDriver start element --> By.id: photos
14:08:42.901  INFO  manager.MyListener - WebDriver found element by locator -->By.id: photos
14:08:42.927  INFO  manager.MyListener - WebDriver start element --> By.xpath: //button[@type='submit']
14:08:42.938  INFO  manager.MyListener - WebDriver found element by locator -->By.xpath: //button[@type='submit']
14:08:43.994  INFO  manager.MyListener - WebDriver start element --> By.xpath: //button[@type='submit']
14:08:44.010  INFO  manager.MyListener - WebDriver found element by locator -->By.xpath: //button[@type='submit']
14:08:44.043  INFO  manager.MyListener - WebDriver start element --> By.cssSelector: div.dialog-container
14:08:45.292  INFO  manager.MyListener - WebDriver found element by locator -->By.cssSelector: div.dialog-container
14:08:45.307  INFO  manager.MyListener - WebDriver start element --> By.cssSelector: div.dialog-container h1
14:08:45.321  INFO  manager.MyListener - WebDriver found element by locator -->By.cssSelector: div.dialog-container h1
14:08:45.335  INFO  manager.MyListener - WebDriver start element --> By.xpath: //button[text()='Search cars']
14:08:45.348  INFO  manager.MyListener - WebDriver found element by locator -->By.xpath: //button[text()='Search cars']
]]></system-out>
  <system-err><![CDATA[]]></system-err>
</testsuite>
