<?xml version="1.0" encoding="UTF-8"?>
<testsuite name="tests.SearchTests" tests="1" skipped="0" failures="0" errors="0" timestamp="2022-07-17T17:40:43" hostname="LAPTOP-S8MI6IBE" time="1.499">
  <properties/>
  <testcase name="searchCurrentMonth" classname="tests.SearchTests" time="1.499"/>
  <system-out><![CDATA[20:40:43.713  INFO  tests.BaseTests - Started method with name: public void tests.SearchTests.searchCurrentMonth()
20:40:43.715  INFO  manager.MyListener - WebDriver start element --> By.id: city
20:40:43.739  INFO  manager.MyListener - WebDriver found element by locator -->By.id: city
20:40:43.883  INFO  manager.MyListener - WebDriver start element --> By.cssSelector: .pac-item
20:40:44.184  INFO  manager.MyListener - WebDriver found element by locator -->By.cssSelector: .pac-item
20:40:44.717  INFO  manager.MyListener - WebDriver start element --> By.id: dates
20:40:44.735  INFO  manager.MyListener - WebDriver found element by locator -->By.id: dates
20:40:44.826  INFO  manager.MyListener - WebDriver start element --> By.xpath: //div[text()=' 28 ']
20:40:44.849  INFO  manager.MyListener - WebDriver found element by locator -->By.xpath: //div[text()=' 28 ']
20:40:44.928  INFO  manager.MyListener - WebDriver start element --> By.xpath: //div[text()=' 27 ']
20:40:44.964  INFO  manager.MyListener - WebDriver found element by locator -->By.xpath: //div[text()=' 27 ']
20:40:45.025  INFO  manager.MyListener - WebDriver start element --> By.xpath: //button[@type='submit']
20:40:45.051  INFO  manager.MyListener - WebDriver found element by locator -->By.xpath: //button[@type='submit']
20:40:45.108  INFO  manager.MyListener - WebDriver start element --> By.xpath: //button[@type='submit']
20:40:45.130  INFO  manager.MyListener - WebDriver found element by locator -->By.xpath: //button[@type='submit']
]]></system-out>
  <system-err><![CDATA[]]></system-err>
</testsuite>
