<?xml version="1.0" encoding="UTF-8"?>
<testsuite name="tests.TestsLogin" tests="1" skipped="0" failures="0" errors="0" timestamp="2022-07-13T17:52:47" hostname="LAPTOP-S8MI6IBE" time="2.481">
  <properties/>
  <testcase name="loginSuccess" classname="tests.TestsLogin" time="2.481"/>
  <system-out><![CDATA[]]></system-out>
  <system-err><![CDATA[]]></system-err>
</testsuite>
